#
# A fatal error has been detected by the Java Runtime Environment:
#
#  EXCEPTION_ACCESS_VIOLATION (0xc0000005) at pc=0x000000005f54a093, pid=3144, tid=0x000000000000274c
#
# JRE version: Java(TM) SE Runtime Environment (8.0_192-b12) (build 1.8.0_192-b12)
# Java VM: Java HotSpot(TM) 64-Bit Server VM (25.192-b12 mixed mode windows-amd64 compressed oops)
# Problematic frame:
# V  [jvm.dll+0x10a093]
#
# Failed to write core dump. Minidumps are not enabled by default on client versions of Windows
#
# If you would like to submit a bug report, please visit:
#   http://bugreport.java.com/bugreport/crash.jsp
#

---------------  T H R E A D  ---------------

Current thread (0x00000000153d9000):  JavaThread "C1 CompilerThread2" daemon [_thread_in_vm, id=10060, stack(0x0000000016c10000,0x0000000016d10000)]

siginfo: ExceptionCode=0xc0000005, reading address 0x00000000180b6c4a

Registers:
RAX=0x00000000180b6c28, RBX=0x00000000182b6930, RCX=0x00000000182b6cb8, RDX=0x0000000002c9e4a0
RSP=0x0000000016d0e4d8, RBP=0x0000000000000000, RSI=0x000000010012d000, RDI=0x0000000016d0e901
R8 =0x0000000000000003, R9 =0x0000000000000006, R10=0x0000000000000000, R11=0x0000000002c9e4a0
R12=0x0000000002c9fad0, R13=0x0000000002c9e4a0, R14=0x00000000153d9000, R15=0x00000000000000b6
RIP=0x000000005f54a093, EFLAGS=0x0000000000010206

Top of Stack: (sp=0x0000000016d0e4d8)
0x0000000016d0e4d8:   000000005f54a120 00000000182b6930
0x0000000016d0e4e8:   0000000100000f28 0000000002c9e4a0
0x0000000016d0e4f8:   0000000002c9fad0 0000000000000000
0x0000000016d0e508:   000000001773d580 0000000016d0e960
0x0000000016d0e518:   000000005f550d18 00000000182b6930
0x0000000016d0e528:   0000000000000017 000000010012d008
0x0000000016d0e538:   000000005f4ff84c 0000000000000001
0x0000000016d0e548:   0000000000000000 0000000016d0e960
0x0000000016d0e558:   000000005f4d574e 000000010008aee0
0x0000000016d0e568:   000000005fa3855c 0000000000000000
0x0000000016d0e578:   00000000153d9000 00000000178ed3c0
0x0000000016d0e588:   000000005f4b8ce2 0000000002c73050
0x0000000016d0e598:   000000005f4bafe0 00000000153d9000
0x0000000016d0e5a8:   000000007c015a33 000000007c015a33
0x0000000016d0e5b8:   000000005f4f7240 0000000002c73050
0x0000000016d0e5c8:   0000000000000000 00000000153d9000 

Instructions: (pc=0x000000005f54a093)
0x000000005f54a073:   d9 78 4c 66 66 0f 1f 84 00 00 00 00 00 47 8d 04
0x000000005f54a083:   11 41 d1 f8 49 63 c0 48 8b 4c c3 08 48 8b 41 08
0x000000005f54a093:   0f b7 48 22 48 8b 40 08 48 8b 54 c8 50 49 3b d3
0x000000005f54a0a3:   72 14 33 c0 49 3b d3 0f 95 c0 85 c0 74 1a 78 06 


Register to memory mapping:

RAX=0x00000000180b6c28 is an unknown value
RBX=0x00000000182b6930 is pointing into metadata
RCX={method} {0x00000000182b6cc0} 
[error occurred during error reporting (printing register info), id 0xc0000005]

Stack: [0x0000000016c10000,0x0000000016d10000],  sp=0x0000000016d0e4d8,  free space=1017k
Native frames: (J=compiled Java code, j=interpreted, Vv=VM code, C=native code)


Current CompileTask:
C1:   1105  926   !   1       java.util.jar.JarFile$JarFileEntry::getCodeSigners (78 bytes)


---------------  P R O C E S S  ---------------

Java Threads: ( => current thread )
  0x00000000179eb800 JavaThread "background-preinit" [_thread_blocked, id=1284, stack(0x0000000018490000,0x0000000018590000)]
  0x00000000177b3000 JavaThread "RMI TCP Accept-0" daemon [_thread_in_native, id=11692, stack(0x0000000017f50000,0x0000000018050000)]
  0x00000000177b0800 JavaThread "RMI TCP Accept-64318" daemon [_thread_in_native, id=9336, stack(0x0000000017e50000,0x0000000017f50000)]
  0x000000001779c800 JavaThread "RMI TCP Accept-0" daemon [_thread_in_native, id=4428, stack(0x0000000017d50000,0x0000000017e50000)]
  0x0000000016d3e000 JavaThread "Service Thread" daemon [_thread_blocked, id=7744, stack(0x0000000017110000,0x0000000017210000)]
=>0x00000000153d9000 JavaThread "C1 CompilerThread2" daemon [_thread_in_vm, id=10060, stack(0x0000000016c10000,0x0000000016d10000)]
  0x00000000153d4800 JavaThread "C2 CompilerThread1" daemon [_thread_blocked, id=1516, stack(0x0000000016b10000,0x0000000016c10000)]
  0x00000000153cd800 JavaThread "C2 CompilerThread0" daemon [_thread_blocked, id=540, stack(0x0000000016a10000,0x0000000016b10000)]
  0x00000000153ca000 JavaThread "Attach Listener" daemon [_thread_blocked, id=84, stack(0x0000000016910000,0x0000000016a10000)]
  0x00000000153c9000 JavaThread "Signal Dispatcher" daemon [_thread_blocked, id=11276, stack(0x0000000016810000,0x0000000016910000)]
  0x00000000153ab000 JavaThread "Finalizer" daemon [_thread_blocked, id=7500, stack(0x0000000016610000,0x0000000016710000)]
  0x0000000002d46000 JavaThread "Reference Handler" daemon [_thread_blocked, id=1556, stack(0x0000000016510000,0x0000000016610000)]
  0x0000000002c56000 JavaThread "main" [_thread_blocked, id=10896, stack(0x0000000002b50000,0x0000000002c50000)]

Other Threads:
  0x0000000015387000 VMThread [stack: 0x0000000016410000,0x0000000016510000] [id=10120]
  0x00000000177b6000 WatcherThread [stack: 0x0000000018050000,0x0000000018150000] [id=8424]

VM state:not at safepoint (normal execution)

VM Mutex/Monitor currently owned by a thread:  ([mutex/lock_event])
[0x0000000002c54ae0] Compile_lock - owner thread: 0x00000000153d9000

heap address: 0x00000000c0a00000, size: 1014 MB, Compressed Oops mode: 32-bit
Narrow klass base: 0x0000000000000000, Narrow klass shift: 3
Compressed class space size: 1073741824 Address: 0x0000000100000000

Heap:
 PSYoungGen      total 18944K, used 18396K [0x00000000eae00000, 0x00000000ec300000, 0x0000000100000000)
  eden space 16384K, 96% used [0x00000000eae00000,0x00000000ebd79f60,0x00000000ebe00000)
  from space 2560K, 99% used [0x00000000ebe00000,0x00000000ec07d280,0x00000000ec080000)
  to   space 2560K, 0% used [0x00000000ec080000,0x00000000ec080000,0x00000000ec300000)
 ParOldGen       total 44032K, used 762K [0x00000000c0a00000, 0x00000000c3500000, 0x00000000eae00000)
  object space 44032K, 1% used [0x00000000c0a00000,0x00000000c0abebd8,0x00000000c3500000)
 Metaspace       used 12355K, capacity 12650K, committed 12928K, reserved 1060864K
  class space    used 1514K, capacity 1635K, committed 1664K, reserved 1048576K

Card table byte_map: [0x0000000012110000,0x0000000012310000] byte_map_base: 0x0000000011b0b000

Marking Bits: (ParMarkBitMap*) 0x000000005fc63ce0
 Begin Bits: [0x0000000012870000, 0x0000000013848000)
 End Bits:   [0x0000000013848000, 0x0000000014820000)

Polling page: 0x00000000009f0000

CodeCache: size=245760Kb used=2496Kb max_used=2496Kb free=243263Kb
 bounds [0x0000000002d50000, 0x0000000002fd0000, 0x0000000011d50000]
 total_blobs=1297 nmethods=928 adapters=283
 compilation: enabled

Compilation events (10 events):
Event: 1.053 Thread 0x00000000153d9000 nmethod 923 0x0000000002fbeb50 code [0x0000000002fbece0, 0x0000000002fbf118]
Event: 1.053 Thread 0x00000000153d9000  928       1       java.lang.Character::charCount (12 bytes)
Event: 1.053 Thread 0x00000000153d9000 nmethod 928 0x0000000002fbf390 code [0x0000000002fbf4e0, 0x0000000002fbf5f0]
Event: 1.053 Thread 0x00000000153d9000  924       1       sun.misc.URLClassPath$JarLoader$2::getContentLength (9 bytes)
Event: 1.053 Thread 0x00000000153d9000 nmethod 924 0x0000000002fbf650 code [0x0000000002fbf7a0, 0x0000000002fbf8b0]
Event: 1.053 Thread 0x00000000153d9000  929       1       java.util.regex.Pattern$1::isSatisfiedBy (13 bytes)
Event: 1.053 Thread 0x00000000153d9000 nmethod 929 0x0000000002fbf950 code [0x0000000002fbfaa0, 0x0000000002fbfbf0]
Event: 1.053 Thread 0x00000000153d9000  925       1       sun.misc.URLClassPath$JarLoader$2::getCodeSigners (8 bytes)
Event: 1.053 Thread 0x00000000153d9000 nmethod 925 0x0000000002fbfc50 code [0x0000000002fbfda0, 0x0000000002fbfee8]
Event: 1.053 Thread 0x00000000153d9000  926   !   1       java.util.jar.JarFile$JarFileEntry::getCodeSigners (78 bytes)

GC Heap History (2 events):
Event: 0.866 GC heap before
{Heap before GC invocations=1 (full 0):
 PSYoungGen      total 18944K, used 16384K [0x00000000eae00000, 0x00000000ec300000, 0x0000000100000000)
  eden space 16384K, 100% used [0x00000000eae00000,0x00000000ebe00000,0x00000000ebe00000)
  from space 2560K, 0% used [0x00000000ec080000,0x00000000ec080000,0x00000000ec300000)
  to   space 2560K, 0% used [0x00000000ebe00000,0x00000000ebe00000,0x00000000ec080000)
 ParOldGen       total 44032K, used 0K [0x00000000c0a00000, 0x00000000c3500000, 0x00000000eae00000)
  object space 44032K, 0% used [0x00000000c0a00000,0x00000000c0a00000,0x00000000c3500000)
 Metaspace       used 9464K, capacity 9624K, committed 9728K, reserved 1058816K
  class space    used 1145K, capacity 1230K, committed 1280K, reserved 1048576K
Event: 0.869 GC heap after
Heap after GC invocations=1 (full 0):
 PSYoungGen      total 18944K, used 2548K [0x00000000eae00000, 0x00000000ec300000, 0x0000000100000000)
  eden space 16384K, 0% used [0x00000000eae00000,0x00000000eae00000,0x00000000ebe00000)
  from space 2560K, 99% used [0x00000000ebe00000,0x00000000ec07d280,0x00000000ec080000)
  to   space 2560K, 0% used [0x00000000ec080000,0x00000000ec080000,0x00000000ec300000)
 ParOldGen       total 44032K, used 762K [0x00000000c0a00000, 0x00000000c3500000, 0x00000000eae00000)
  object space 44032K, 1% used [0x00000000c0a00000,0x00000000c0abebd8,0x00000000c3500000)
 Metaspace       used 9464K, capacity 9624K, committed 9728K, reserved 1058816K
  class space    used 1145K, capacity 1230K, committed 1280K, reserved 1048576K
}

Deoptimization events (0 events):
No events

Classes redefined (0 events):
No events

Internal exceptions (10 events):
Event: 1.017 Thread 0x00000000179eb800 Exception <a 'java/lang/ArrayIndexOutOfBoundsException'> (0x00000000eb8a2cd8) thrown at [C:\workspace\8-2-build-windows-amd64-cygwin\jdk8u192\11897\hotspot\src\share\vm\runtime\sharedRuntime.cpp, line 605]
Event: 1.017 Thread 0x0000000002c56000 Exception <a 'java/lang/ArrayIndexOutOfBoundsException'> (0x00000000eb8471b8) thrown at [C:\workspace\8-2-build-windows-amd64-cygwin\jdk8u192\11897\hotspot\src\share\vm\runtime\sharedRuntime.cpp, line 605]
Event: 1.017 Thread 0x0000000002c56000 Exception <a 'java/lang/ArrayIndexOutOfBoundsException'> (0x00000000eb84c7d8) thrown at [C:\workspace\8-2-build-windows-amd64-cygwin\jdk8u192\11897\hotspot\src\share\vm\runtime\sharedRuntime.cpp, line 605]
Event: 1.018 Thread 0x0000000002c56000 Exception <a 'java/lang/ArrayIndexOutOfBoundsException'> (0x00000000eb858650) thrown at [C:\workspace\8-2-build-windows-amd64-cygwin\jdk8u192\11897\hotspot\src\share\vm\runtime\sharedRuntime.cpp, line 605]
Event: 1.019 Thread 0x0000000002c56000 Exception <a 'java/lang/ArrayIndexOutOfBoundsException'> (0x00000000eb85e5b8) thrown at [C:\workspace\8-2-build-windows-amd64-cygwin\jdk8u192\11897\hotspot\src\share\vm\runtime\sharedRuntime.cpp, line 605]
Event: 1.023 Thread 0x0000000002c56000 Exception <a 'java/lang/ArrayIndexOutOfBoundsException'> (0x00000000eb9402c0) thrown at [C:\workspace\8-2-build-windows-amd64-cygwin\jdk8u192\11897\hotspot\src\share\vm\runtime\sharedRuntime.cpp, line 605]
Event: 1.024 Thread 0x0000000002c56000 Exception <a 'java/lang/ArrayIndexOutOfBoundsException'> (0x00000000eb9bb300) thrown at [C:\workspace\8-2-build-windows-amd64-cygwin\jdk8u192\11897\hotspot\src\share\vm\runtime\sharedRuntime.cpp, line 605]
Event: 1.024 Thread 0x0000000002c56000 Exception <a 'java/lang/ArrayIndexOutOfBoundsException'> (0x00000000eb9bcb60) thrown at [C:\workspace\8-2-build-windows-amd64-cygwin\jdk8u192\11897\hotspot\src\share\vm\runtime\sharedRuntime.cpp, line 605]
Event: 1.025 Thread 0x0000000002c56000 Exception <a 'java/lang/ArrayIndexOutOfBoundsException'> (0x00000000eb9c2220) thrown at [C:\workspace\8-2-build-windows-amd64-cygwin\jdk8u192\11897\hotspot\src\share\vm\runtime\sharedRuntime.cpp, line 605]
Event: 1.038 Thread 0x0000000002c56000 Exception <a 'java/lang/NoSuchMethodError': java.lang.Object.lambda$chars$0()Ljava/util/Spliterator$OfInt;> (0x00000000ebb864e0) thrown at [C:\workspace\8-2-build-windows-amd64-cygwin\jdk8u192\11897\hotspot\src\share\vm\interpreter\linkResolver.cpp, line 

Events (10 events):
Event: 1.053 loading class java/util/stream/Collector$Characteristics
Event: 1.053 loading class java/util/stream/Collector$Characteristics done
Event: 1.053 loading class java/util/stream/Collectors$CollectorImpl
Event: 1.053 loading class java/util/stream/Collector
Event: 1.053 loading class java/util/stream/Collector done
Event: 1.053 loading class java/util/stream/Collectors$CollectorImpl done
Event: 1.054 loading class java/lang/invoke/DirectMethodHandle$EnsureInitialized
Event: 1.054 loading class java/lang/invoke/DirectMethodHandle$EnsureInitialized done
Event: 1.056 loading class java/util/ArrayList$SubList
Event: 1.056 loading class java/util/ArrayList$SubList done


Dynamic libraries:
0x00007ff765840000 - 0x00007ff765877000 	C:\Program Files\Java\jdk1.8.0_192\bin\javaw.exe
0x00007ffe07560000 - 0x00007ffe07750000 	C:\WINDOWS\SYSTEM32\ntdll.dll
0x00007ffe057f0000 - 0x00007ffe058a2000 	C:\WINDOWS\System32\KERNEL32.DLL
0x00007ffe05200000 - 0x00007ffe054a3000 	C:\WINDOWS\System32\KERNELBASE.dll
0x00007ffe059f0000 - 0x00007ffe05a93000 	C:\WINDOWS\System32\ADVAPI32.dll
0x00007ffe05d30000 - 0x00007ffe05dce000 	C:\WINDOWS\System32\msvcrt.dll
0x00007ffe05e70000 - 0x00007ffe05f07000 	C:\WINDOWS\System32\sechost.dll
0x00007ffe05be0000 - 0x00007ffe05d00000 	C:\WINDOWS\System32\RPCRT4.dll
0x00007ffe05f20000 - 0x00007ffe060b4000 	C:\WINDOWS\System32\USER32.dll
0x00007ffe046b0000 - 0x00007ffe046d1000 	C:\WINDOWS\System32\win32u.dll
0x00007ffe05e40000 - 0x00007ffe05e66000 	C:\WINDOWS\System32\GDI32.dll
0x00007ffe048b0000 - 0x00007ffe04a44000 	C:\WINDOWS\System32\gdi32full.dll
0x00007ffe04540000 - 0x00007ffe045de000 	C:\WINDOWS\System32\msvcp_win.dll
0x00007ffe054b0000 - 0x00007ffe055aa000 	C:\WINDOWS\System32\ucrtbase.dll
0x00007ffdfc550000 - 0x00007ffdfc7d5000 	C:\WINDOWS\WinSxS\amd64_microsoft.windows.common-controls_6595b64144ccf1df_6.0.18362.592_none_e6c0b1911312be02\COMCTL32.dll
0x00007ffe06520000 - 0x00007ffe06856000 	C:\WINDOWS\System32\combase.dll
0x00007ffe046e0000 - 0x00007ffe04760000 	C:\WINDOWS\System32\bcryptPrimitives.dll
0x00007ffe05d00000 - 0x00007ffe05d2e000 	C:\WINDOWS\System32\IMM32.DLL
0x000000005fcf0000 - 0x000000005fdc1000 	C:\Program Files\Java\jdk1.8.0_192\jre\bin\msvcr100.dll
0x000000005f440000 - 0x000000005fce3000 	C:\Program Files\Java\jdk1.8.0_192\jre\bin\server\jvm.dll
0x00007ffe05f10000 - 0x00007ffe05f18000 	C:\WINDOWS\System32\PSAPI.DLL
0x00007ffe01100000 - 0x00007ffe01124000 	C:\WINDOWS\SYSTEM32\WINMM.dll
0x00007ffdfed70000 - 0x00007ffdfed7a000 	C:\WINDOWS\SYSTEM32\VERSION.dll
0x00007ffe02860000 - 0x00007ffe02869000 	C:\WINDOWS\SYSTEM32\WSOCK32.dll
0x00007ffe05dd0000 - 0x00007ffe05e3f000 	C:\WINDOWS\System32\WS2_32.dll
0x00007ffe010d0000 - 0x00007ffe010fd000 	C:\WINDOWS\SYSTEM32\winmmbase.dll
0x00007ffe044f0000 - 0x00007ffe0453a000 	C:\WINDOWS\System32\cfgmgr32.dll
0x00007ffe02620000 - 0x00007ffe0262f000 	C:\Program Files\Java\jdk1.8.0_192\jre\bin\verify.dll
0x00007ffe00d90000 - 0x00007ffe00db9000 	C:\Program Files\Java\jdk1.8.0_192\jre\bin\java.dll
0x00007ffe01210000 - 0x00007ffe01226000 	C:\Program Files\Java\jdk1.8.0_192\jre\bin\zip.dll
0x00007ffe06880000 - 0x00007ffe06f65000 	C:\WINDOWS\System32\SHELL32.dll
0x00007ffe063c0000 - 0x00007ffe06469000 	C:\WINDOWS\System32\shcore.dll
0x00007ffe04a80000 - 0x00007ffe051ff000 	C:\WINDOWS\System32\windows.storage.dll
0x00007ffe044d0000 - 0x00007ffe044ef000 	C:\WINDOWS\System32\profapi.dll
0x00007ffe04460000 - 0x00007ffe044aa000 	C:\WINDOWS\System32\powrprof.dll
0x00007ffe04430000 - 0x00007ffe04440000 	C:\WINDOWS\System32\UMPDC.dll
0x00007ffe05990000 - 0x00007ffe059e2000 	C:\WINDOWS\System32\shlwapi.dll
0x00007ffe044b0000 - 0x00007ffe044c1000 	C:\WINDOWS\System32\kernel.appcore.dll
0x00007ffe04690000 - 0x00007ffe046a7000 	C:\WINDOWS\System32\cryptsp.dll
0x00007ffe015c0000 - 0x00007ffe015cd000 	C:\Program Files\Java\jdk1.8.0_192\jre\bin\management.dll
0x00007ffdfd5a0000 - 0x00007ffdfd5ba000 	C:\Program Files\Java\jdk1.8.0_192\jre\bin\net.dll
0x00007ffe03ca0000 - 0x00007ffe03d07000 	C:\WINDOWS\system32\mswsock.dll
0x00007ffdf7650000 - 0x00007ffdf7661000 	C:\Program Files\Java\jdk1.8.0_192\jre\bin\nio.dll
0x00007ffdeff60000 - 0x00007ffdeff76000 	C:\WINDOWS\system32\napinsp.dll
0x00007ffdefdb0000 - 0x00007ffdefdca000 	C:\WINDOWS\system32\pnrpnsp.dll
0x00007ffe039f0000 - 0x00007ffe03aba000 	C:\WINDOWS\SYSTEM32\DNSAPI.dll
0x00007ffe06f70000 - 0x00007ffe06f78000 	C:\WINDOWS\System32\NSI.dll
0x00007ffe039b0000 - 0x00007ffe039ea000 	C:\WINDOWS\SYSTEM32\IPHLPAPI.DLL
0x00007ffdf6c20000 - 0x00007ffdf6c2e000 	C:\WINDOWS\System32\winrnr.dll
0x00007ffe00c60000 - 0x00007ffe00c7c000 	C:\WINDOWS\system32\NLAapi.dll
0x00007ffdec940000 - 0x00007ffdec955000 	C:\WINDOWS\system32\wshbth.dll
0x00007ffdf98b0000 - 0x00007ffdf98ba000 	C:\Windows\System32\rasadhlp.dll
0x00007ffdfa1a0000 - 0x00007ffdfa217000 	C:\WINDOWS\System32\fwpuclnt.dll
0x00007ffe04a50000 - 0x00007ffe04a76000 	C:\WINDOWS\System32\bcrypt.dll
0x00007ffe03810000 - 0x00007ffe03843000 	C:\WINDOWS\system32\rsaenh.dll
0x00007ffe04350000 - 0x00007ffe04375000 	C:\WINDOWS\SYSTEM32\USERENV.dll
0x00007ffe03e70000 - 0x00007ffe03e7c000 	C:\WINDOWS\SYSTEM32\CRYPTBASE.dll
0x00007ffdfa4a0000 - 0x00007ffdfa4b6000 	C:\WINDOWS\SYSTEM32\dhcpcsvc6.DLL
0x00007ffdfb490000 - 0x00007ffdfb4ac000 	C:\WINDOWS\SYSTEM32\dhcpcsvc.DLL
0x00007ffdf0530000 - 0x00007ffdf0724000 	C:\WINDOWS\SYSTEM32\dbghelp.dll

VM Arguments:
jvm_args: -Dcom.sun.management.jmxremote -Dcom.sun.management.jmxremote.port=64318 -Dcom.sun.management.jmxremote.authenticate=false -Dcom.sun.management.jmxremote.ssl=false -Djava.rmi.server.hostname=localhost -Dspring.jmx.enabled=true -Dspring.liveBeansView.mbeanDomain -Dspring.application.admin.enabled=true -Xverify:none -XX:TieredStopAtLevel=1 -Dspring.boot.project.name=new_portfolio_project -Dfile.encoding=UTF-8 
java_command: lt.vilkaitisvyt.NewPortfolioProjectApplication
java_class_path (initial): C:\Users\wytas\eclipse-workspace\new_portfolio_project\target\classes;C:\Users\wytas\.m2\repository\org\springframework\boot\spring-boot-starter-security\2.2.3.RELEASE\spring-boot-starter-security-2.2.3.RELEASE.jar;C:\Users\wytas\.m2\repository\org\springframework\boot\spring-boot-starter\2.2.3.RELEASE\spring-boot-starter-2.2.3.RELEASE.jar;C:\Users\wytas\.m2\repository\org\springframework\boot\spring-boot\2.2.3.RELEASE\spring-boot-2.2.3.RELEASE.jar;C:\Users\wytas\.m2\repository\org\springframework\boot\spring-boot-autoconfigure\2.2.3.RELEASE\spring-boot-autoconfigure-2.2.3.RELEASE.jar;C:\Users\wytas\.m2\repository\org\springframework\boot\spring-boot-starter-logging\2.2.3.RELEASE\spring-boot-starter-logging-2.2.3.RELEASE.jar;C:\Users\wytas\.m2\repository\ch\qos\logback\logback-classic\1.2.3\logback-classic-1.2.3.jar;C:\Users\wytas\.m2\repository\ch\qos\logback\logback-core\1.2.3\logback-core-1.2.3.jar;C:\Users\wytas\.m2\repository\org\apache\logging\log4j\log4j-to-slf4j\2.12.1\log4j-to-slf4j-2.12.1.jar;C:\Users\wytas\.m2\repository\org\apache\logging\log4j\log4j-api\2.12.1\log4j-api-2.12.1.jar;C:\Users\wytas\.m2\repository\org\slf4j\jul-to-slf4j\1.7.30\jul-to-slf4j-1.7.30.jar;C:\Users\wytas\.m2\repository\jakarta\annotation\jakarta.annotation-api\1.3.5\jakarta.annotation-api-1.3.5.jar;C:\Users\wytas\.m2\repository\org\yaml\snakeyaml\1.25\snakeyaml-1.25.jar;C:\Users\wytas\.m2\repository\org\springframework\spring-aop\5.2.3.RELEASE\spring-aop-5.2.3.RELEASE.jar;C:\Users\wytas\.m2\repository\org\springframework\spring-beans\5.2.3.RELEASE\spring-beans-5.2.3.RELEASE.jar;C:\Users\wytas\.m2\repository\org\springframework\security\spring-security-config\5.2.1.RELEASE\spring-security-config-5.2.1.RELEASE.jar;C:\Users\wytas\.m2\repository\org\springframework\spring-context\5.2.3.RELEASE\spring-context-5.2.3.RELEASE.jar;C:\Users\wytas\.m2\repository\org\springframework\security\spring-security-web\5.2.1.RELEASE\spring-security-web-5.2.1.RELEASE.jar;
Launcher Type: SUN_STANDARD

Environment Variables:
PATH=C:/Program Files/Java/jre1.8.0_241/bin/server;C:/Program Files/Java/jre1.8.0_241/bin;C:/Program Files/Java/jre1.8.0_241/lib/amd64;C:\Program Files (x86)\Common Files\Oracle\Java\javapath;C:\WINDOWS\system32;C:\WINDOWS;C:\WINDOWS\System32\Wbem;C:\WINDOWS\System32\WindowsPowerShell\v1.0\;C:\WINDOWS\System32\OpenSSH\;C:\Program Files (x86)\Brackets\command;C:\Program Files (x86)\NVIDIA Corporation\PhysX\Common;C:\Gradle\gradle-5.4.1\bin;C:\WINDOWS\system32;C:\WINDOWS;C:\WINDOWS\System32\Wbem;C:\WINDOWS\System32\WindowsPowerShell\v1.0\;C:\WINDOWS\System32\OpenSSH\;C:\Program Files\Git\cmd;C:\Users\wytas\AppData\Local\Microsoft\WindowsApps;;C:\Users\wytas\AppData\Local\Programs\Microsoft VS Code\bin;C:\Users\wytas\Desktop;
USERNAME=wytas
OS=Windows_NT
PROCESSOR_IDENTIFIER=Intel64 Family 6 Model 30 Stepping 5, GenuineIntel



---------------  S Y S T E M  ---------------

OS: Windows 10.0 , 64 bit Build 18362 (10.0.18362.329)

CPU:total 4 (initial active 4) (4 cores per cpu, 1 threads per core) family 6 model 30 stepping 5, cmov, cx8, fxsr, mmx, sse, sse2, sse3, ssse3, sse4.1, sse4.2, popcnt, tsc, tscinvbit

Memory: 4k page, physical 4152300k(1292464k free), swap 15964544k(9422168k free)

vm_info: Java HotSpot(TM) 64-Bit Server VM (25.192-b12) for windows-amd64 JRE (1.8.0_192-b12), built on Oct  6 2018 17:12:23 by "java_re" with MS VC++ 10.0 (VS2010)

time: Mon Feb 10 19:11:53 2020
timezone: FLE Standard Time
elapsed time: 1 seconds (0d 0h 0m 1s)

